<?xml version="1.0" encoding="UTF-8"?>
<!-- Generated by org.testng.reporters.JUnitReportReporter -->
<testsuite hostname="DESKTOP-F585S2N" failures="0" tests="1" name="E_CommerceWebSites.Sample_1" time="4.208" errors="0" timestamp="2023-08-25T22:06:16 IST" skipped="0">
  <testcase classname="E_CommerceWebSites.Sample_1" name="openAmazon" time="4.208"/>
  <system-out>
    <![CDATA[Open Amazon]]>
  </system-out>
</testsuite> <!-- E_CommerceWebSites.Sample_1 -->
